Build started 8/10/2015 9:40:27 PM.
     1>Project "C:\Users\David\Documents\Skyrim\SKSE Plugin\CobbSKSE\common\common_vc9.vcxproj" on node 2 (Build target(s)).
     1>ClCompile:
         C:\Program Files (x86)\Microsoft Visual Studio 12.0\VC\bin\CL.exe /c /I"C:\Users\David\Documents\Skyrim\SKSE Plugin\CobbSKSE\\" /I"C:\Users\David\Documents\Skyrim\SKSE Plugin\CobbSKSE\\.." /ZI /nologo /W3 /WX- /Od /Oy- /D WIN32 /D _DEBUG /D _WINDOWS /D _VC80_UPGRADE=0x0710 /D _MBCS /Gm /EHsc /RTC1 /MTd /GS /fp:precise /Zc:wchar_t /Zc:forScope /GR /Fo"Debug VC9\\" /Fd"Debug VC9\vc120.pdb" /Gd /TP /FIcommon/IPrefix.h /analyze- /errorReport:prompt IArchive.cpp IBufferStream.cpp IConsole.cpp IDatabase.cpp IDataStream.cpp IDebugLog.cpp IDirectoryIterator.cpp IDynamicCreate.cpp IErrors.cpp IEvent.cpp IFIFO.cpp IFileStream.cpp IInterlockedLong.cpp IMemPool.cpp IMutex.cpp IPipeClient.cpp IPipeServer.cpp IPrefix.cpp IRangeMap.cpp IReadWriteLock.cpp ISegmentStream.cpp ITextParser.cpp IThread.cpp ITimer.cpp ITypes.cpp
         ITypes.cpp
         ITimer.cpp
         IThread.cpp
         ITextParser.cpp
         ISegmentStream.cpp
         IReadWriteLock.cpp
         IRangeMap.cpp
         IPrefix.cpp
         IPipeServer.cpp
         IPipeClient.cpp
         IMutex.cpp
         IMemPool.cpp
         IInterlockedLong.cpp
         IFileStream.cpp
         IFIFO.cpp
         IEvent.cpp
         IErrors.cpp
         IDynamicCreate.cpp
         IDirectoryIterator.cpp
         IDebugLog.cpp
         Generating Code...
         Compiling...
         IDataStream.cpp
         IDatabase.cpp
         IConsole.cpp
         IBufferStream.cpp
         IArchive.cpp
         Generating Code...
       Lib:
         C:\Program Files (x86)\Microsoft Visual Studio 12.0\VC\bin\Lib.exe /OUT:"Debug VC9\common_vc9.lib" /NOLOGO "Debug VC9\IArchive.obj"
         "Debug VC9\IBufferStream.obj"
         "Debug VC9\IConsole.obj"
         "Debug VC9\IDatabase.obj"
         "Debug VC9\IDataStream.obj"
         "Debug VC9\IDebugLog.obj"
         "Debug VC9\IDirectoryIterator.obj"
         "Debug VC9\IDynamicCreate.obj"
         "Debug VC9\IErrors.obj"
         "Debug VC9\IEvent.obj"
         "Debug VC9\IFIFO.obj"
         "Debug VC9\IFileStream.obj"
         "Debug VC9\IInterlockedLong.obj"
         "Debug VC9\IMemPool.obj"
         "Debug VC9\IMutex.obj"
         "Debug VC9\IPipeClient.obj"
         "Debug VC9\IPipeServer.obj"
         "Debug VC9\IPrefix.obj"
         "Debug VC9\IRangeMap.obj"
         "Debug VC9\IReadWriteLock.obj"
         "Debug VC9\ISegmentStream.obj"
         "Debug VC9\ITextParser.obj"
         "Debug VC9\IThread.obj"
         "Debug VC9\ITimer.obj"
         "Debug VC9\ITypes.obj"
     1>IRangeMap.obj : warning LNK4221: This object file does not define any previously undefined public symbols, so it will not be used by any link operation that consumes this library
     1>IPrefix.obj : warning LNK4221: This object file does not define any previously undefined public symbols, so it will not be used by any link operation that consumes this library
     1>IInterlockedLong.obj : warning LNK4221: This object file does not define any previously undefined public symbols, so it will not be used by any link operation that consumes this library
     1>IDynamicCreate.obj : warning LNK4221: This object file does not define any previously undefined public symbols, so it will not be used by any link operation that consumes this library
     1>IDatabase.obj : warning LNK4221: This object file does not define any previously undefined public symbols, so it will not be used by any link operation that consumes this library
     1>IArchive.obj : warning LNK4221: This object file does not define any previously undefined public symbols, so it will not be used by any link operation that consumes this library
         common_vc9.vcxproj -> C:\Users\David\Documents\Skyrim\SKSE Plugin\CobbSKSE\common\Debug VC9\common_vc9.lib
     1>Done Building Project "C:\Users\David\Documents\Skyrim\SKSE Plugin\CobbSKSE\common\common_vc9.vcxproj" (Build target(s)).

Build succeeded.

Time Elapsed 00:00:15.25
